[2025-02-15 10:54:34] [General - Main] [INFO] Starting PhotonVision version v2025.1.1 on platform Linux x64
[2025-02-15 10:54:34] [General - OsImageVersion] [WARN] Photon cannot locate base OS image version metadata at /opt/photonvision/image-version
[2025-02-15 10:54:35] [General - Main] [INFO] WPI JNI libraries loaded.
[2025-02-15 10:54:35] [General - Main] [INFO] photon-targeting JNI libraries loaded.
[2025-02-15 10:54:35] [General - Main] [ERROR] Platform does not support RKNN based machine learning!
[2025-02-15 10:54:35] [Camera - MrCalJNILoader] [ERROR] Couldn't load shared object mrcal_jni: /tmp/libmrcal_jni.so: libsuitesparseconfig.so.5: cannot open shared object file: No such file or directory
[2025-02-15 10:54:35] [General - Main] [WARN] Failed to load mrcal-JNI! Camera calibration will fall back to opencv
Unable to load mrcal JNI!
[2025-02-15 10:54:35] [General - Main] [INFO] Logging initialized in debug mode.
[2025-02-15 10:54:35] [General - Main] [DEBUG] Loading ConfigManager...
[2025-02-15 10:54:35] [Config - SqlConfigProvider] [DEBUG] Using database /home/swerve/Documents/Github/Note-Detection/photonvision_config/photon.sqlite
[2025-02-15 10:54:35] [Config - SqlConfigProvider] [DEBUG] Older database version. Migrating ... 
[2025-02-15 10:54:35] [Config - SqlConfigProvider] [DEBUG] Running migration step 0
[2025-02-15 10:54:35] [Config - SqlConfigProvider] [DEBUG] Running migration step 1
[2025-02-15 10:54:35] [Config - SqlConfigProvider] [DEBUG] Database migration complete
[2025-02-15 10:54:35] [Config - SqlConfigProvider] [INFO] Using correct database version: 2
[2025-02-15 10:54:35] [Config - SqlConfigProvider] [DEBUG] Loading config...
[2025-02-15 10:54:35] [Config - SqlConfigProvider] [ERROR] Could not deserialize hardware config! Loading defaults: Provided empty string for class org.photonvision.common.configuration.HardwareConfig
[2025-02-15 10:54:35] [Config - SqlConfigProvider] [ERROR] org.eclipse.jetty.io.EofException: Provided empty string for class org.photonvision.common.configuration.HardwareConfig
	at org.photonvision.common.util.file.JacksonUtils.deserialize(JacksonUtils.java:81)
	at org.photonvision.common.configuration.SqlConfigProvider.load(SqlConfigProvider.java:269)
	at org.photonvision.common.configuration.ConfigManager.load(ConfigManager.java:192)
	at org.photonvision.Main.main(Main.java:267)

[2025-02-15 10:54:35] [Config - SqlConfigProvider] [ERROR] Could not deserialize hardware settings! Loading defaults: Provided empty string for class org.photonvision.common.configuration.HardwareSettings
[2025-02-15 10:54:35] [Config - SqlConfigProvider] [ERROR] org.eclipse.jetty.io.EofException: Provided empty string for class org.photonvision.common.configuration.HardwareSettings
	at org.photonvision.common.util.file.JacksonUtils.deserialize(JacksonUtils.java:81)
	at org.photonvision.common.configuration.SqlConfigProvider.load(SqlConfigProvider.java:278)
	at org.photonvision.common.configuration.ConfigManager.load(ConfigManager.java:192)
	at org.photonvision.Main.main(Main.java:267)

[2025-02-15 10:54:35] [Config - SqlConfigProvider] [ERROR] Could not deserialize network config! Loading defaults: Provided empty string for class org.photonvision.common.configuration.NetworkConfig
[2025-02-15 10:54:35] [Config - SqlConfigProvider] [ERROR] org.eclipse.jetty.io.EofException: Provided empty string for class org.photonvision.common.configuration.NetworkConfig
	at org.photonvision.common.util.file.JacksonUtils.deserialize(JacksonUtils.java:81)
	at org.photonvision.common.configuration.SqlConfigProvider.load(SqlConfigProvider.java:287)
	at org.photonvision.common.configuration.ConfigManager.load(ConfigManager.java:192)
	at org.photonvision.Main.main(Main.java:267)

[2025-02-15 10:54:35] [Config - SqlConfigProvider] [ERROR] Could not deserialize apriltag layout! Loading defaults: Provided empty string for class edu.wpi.first.apriltag.AprilTagFieldLayout
[2025-02-15 10:54:35] [Config - SqlConfigProvider] [ERROR] org.eclipse.jetty.io.EofException: Provided empty string for class edu.wpi.first.apriltag.AprilTagFieldLayout
	at org.photonvision.common.util.file.JacksonUtils.deserialize(JacksonUtils.java:81)
	at org.photonvision.common.configuration.SqlConfigProvider.load(SqlConfigProvider.java:296)
	at org.photonvision.common.configuration.ConfigManager.load(ConfigManager.java:192)
	at org.photonvision.Main.main(Main.java:267)

[2025-02-15 10:54:35] [General - Main] [INFO] Loading ML models...
[2025-02-15 10:54:35] [Config - NeuralNetworkModelManager] [INFO] Extracted DNN resource: models/note-640-640-yolov5s.rknn
[2025-02-15 10:54:35] [Config - NeuralNetworkModelManager] [INFO] Extracted DNN resource: models/note-640-640-yolov5s-labels.txt
[2025-02-15 10:54:35] [Config - NeuralNetworkModelManager] [INFO] Supported backends: []
[2025-02-15 10:54:35] [Config - NeuralNetworkModelManager] [INFO] Loaded model note-640-640-yolov5s.rknn for backend RKNN
[2025-02-15 10:54:35] [General - Main] [DEBUG] Loading HardwareManager...
[2025-02-15 10:54:35] [NetworkTables - TimeSyncManager] [DEBUG] Starting TimeSyncClient on localhost (for now)
[2025-02-15 10:54:35] [General - Main] [DEBUG] Loading NetworkManager...
[2025-02-15 10:54:35] [General - ShellExec] [DEBUG] Executing "id -u"
[2025-02-15 10:54:35] [General - ShellExec] [DEBUG] Got exit code 0
[2025-02-15 10:54:35] [General - NetworkManager] [ERROR] Cannot manage network without root!
[2025-02-15 10:54:35] [General - Main] [DEBUG] Loading NetworkTablesManager...
[2025-02-15 10:54:35] [NetworkTables - NetworkTablesManager] [INFO] NT: INFO 20: starting network client (NetworkClient.cpp:46)
[2025-02-15 10:54:35] [NetworkTables - NetworkTablesManager] [INFO] Starting NT Client, server team is 0
[2025-02-15 10:54:35] [General - Main] [DEBUG] Loading VisionSourceManager...
[2025-02-15 10:54:35] [NetworkTables - NetworkTablesManager] [INFO] Starting NT Client, server team is 0
[2025-02-15 10:54:35] [NetworkTables - NetworkTablesManager] [ERROR] [NetworkTablesManager] Could not connect to the robot! Will retry in the background...
[2025-02-15 10:54:35] [Camera - VisionSourceManager] [INFO] Registering loaded camera configs
[2025-02-15 10:54:35] [Camera - VisionSourceManager] [INFO] Finished registering loaded camera configs! Started 0 active VisionModules, with 0 disabled VisionModules
[2025-02-15 10:54:35] [General - Main] [INFO] Starting server...
[2025-02-15 10:54:35] [WebServer - DataChangeService] [DEBUG] Added subscriber - Sources: DCS_WEBSOCKET, DCS_HTTP, DCS_NETWORKTABLES, DCS_VISIONMODULE, DCS_OTHER, Destinations: DCD_WEBSERVER
[2025-02-15 10:54:35] [WebServer - DataChangeService] [DEBUG] Added subscriber - Sources: DCS_WEBSOCKET, DCS_HTTP, DCS_NETWORKTABLES, DCS_VISIONMODULE, DCS_OTHER, Destinations: DCD_UI
[2025-02-15 10:54:35] [WebServer - DataChangeService] [DEBUG] Added subscriber - Sources: DCS_WEBSOCKET, Destinations: DCD_GENSETTINGS
[2025-02-15 10:54:37] [Config - ConfigManager] [DEBUG] Saving to disk...
[2025-02-15 10:54:37] [Config - SqlConfigProvider] [DEBUG] Saving to disk
[2025-02-15 10:54:37] [Config - SqlConfigProvider] [INFO] Settings saved!
[2025-02-15 10:54:44] [General - KernelLogLogger] [DEBUG] 2025-02-15T10:54:44.024249-07:00 photonvision kernel: kauditd_printk_skb: 4 callbacks suppressed
[2025-02-15 10:54:44] [General - KernelLogLogger] [DEBUG] 2025-02-15T10:54:44.025094-07:00 photonvision kernel: audit: type=1326 audit(1739642084.020:302): auid=1000 uid=1000 gid=1000 ses=2 subj=snap.chromium.chromium pid=24731 comm="chrome" exe="/snap/chromium/3040/usr/lib/chromium-browser/chrome" sig=0 arch=c000003e syscall=330 compat=0 ip=0x79cdc9ffdf6b code=0x50000
[2025-02-15 10:54:44] [General - KernelLogLogger] [DEBUG] 2025-02-15T10:54:44.025097-07:00 photonvision kernel: audit: type=1326 audit(1739642084.020:303): auid=1000 uid=1000 gid=1000 ses=2 subj=snap.chromium.chromium pid=24732 comm="chrome" exe="/snap/chromium/3040/usr/lib/chromium-browser/chrome" sig=0 arch=c000003e syscall=330 compat=0 ip=0x79a372c06f6b code=0x50000
[2025-02-15 10:54:44] [General - KernelLogLogger] [DEBUG] 2025-02-15T10:54:44.058339-07:00 photonvision kernel: audit: type=1326 audit(1739642084.055:304): auid=1000 uid=1000 gid=1000 ses=2 subj=snap.chromium.chromium pid=24628 comm="chrome" exe="/snap/chromium/3040/usr/lib/chromium-browser/chrome" sig=0 arch=c000003e syscall=444 compat=0 ip=0x70389c95a88d code=0x50000
[2025-02-15 10:54:45] [General - KernelLogLogger] [DEBUG] 2025-02-15T10:54:44.686280-07:00 photonvision kernel: audit: type=1400 audit(1739642084.679:305): apparmor="DENIED" operation="open" class="file" profile="snap.chromium.chromium" name="/etc/vulkan/implicit_layer.d/" pid=24781 comm="chrome" requested_mask="r" denied_mask="r" fsuid=1000 ouid=0
[2025-02-15 10:54:45] [General - KernelLogLogger] [DEBUG] 2025-02-15T10:54:44.687628-07:00 photonvision kernel: audit: type=1400 audit(1739642084.680:306): apparmor="DENIED" operation="open" class="file" profile="snap.chromium.chromium" name="/etc/vulkan/implicit_layer.d/" pid=24781 comm="chrome" requested_mask="r" denied_mask="r" fsuid=1000 ouid=0
[2025-02-15 10:54:45] [General - KernelLogLogger] [DEBUG] 2025-02-15T10:54:44.692694-07:00 photonvision kernel: audit: type=1400 audit(1739642084.680:307): apparmor="DENIED" operation="open" class="file" profile="snap.chromium.chromium" name="/etc/vulkan/icd.d/" pid=24781 comm="chrome" requested_mask="r" denied_mask="r" fsuid=1000 ouid=0
[2025-02-15 10:54:45] [General - KernelLogLogger] [DEBUG] 2025-02-15T10:54:44.695650-07:00 photonvision kernel: audit: type=1400 audit(1739642084.680:308): apparmor="DENIED" operation="open" class="file" profile="snap.chromium.chromium" name="/etc/vulkan/icd.d/" pid=24781 comm="chrome" requested_mask="r" denied_mask="r" fsuid=1000 ouid=0
[2025-02-15 10:54:45] [General - KernelLogLogger] [DEBUG] 2025-02-15T10:54:44.695652-07:00 photonvision kernel: audit: type=1400 audit(1739642084.680:309): apparmor="DENIED" operation="open" class="file" profile="snap.chromium.chromium" name="/etc/vulkan/implicit_layer.d/" pid=24781 comm="chrome" requested_mask="r" denied_mask="r" fsuid=1000 ouid=0
[2025-02-15 10:54:45] [General - KernelLogLogger] [DEBUG] 2025-02-15T10:54:44.695653-07:00 photonvision kernel: audit: type=1400 audit(1739642084.680:310): apparmor="DENIED" operation="open" class="file" profile="snap.chromium.chromium" name="/etc/vulkan/implicit_layer.d/" pid=24781 comm="chrome" requested_mask="r" denied_mask="r" fsuid=1000 ouid=0
[2025-02-15 10:54:45] [General - KernelLogLogger] [DEBUG] 2025-02-15T10:54:44.695654-07:00 photonvision kernel: audit: type=1400 audit(1739642084.680:311): apparmor="DENIED" operation="open" class="file" profile="snap.chromium.chromium" name="/etc/vulkan/icd.d/" pid=24781 comm="chrome" requested_mask="r" denied_mask="r" fsuid=1000 ouid=0
[2025-02-15 10:54:45] [WebServer - Server] [DEBUG] Handled HTTP request of type GET from endpoint /index.html of req size -1 bytes & type null with return code 200 for host [0:0:0:0:0:0:0:1] in 3.567303 ms
[2025-02-15 10:54:45] [WebServer - Server] [DEBUG] Handled HTTP request of type GET from endpoint / of req size -1 bytes & type null with return code 200 for host [0:0:0:0:0:0:0:1] in 16.904757 ms
[2025-02-15 10:54:46] [WebServer - Server] [DEBUG] Handled HTTP request of type GET from endpoint /assets/index-C7-j6cdu.css of req size -1 bytes & type null with return code 200 for host [0:0:0:0:0:0:0:1] in 59.574783 ms
[2025-02-15 10:54:46] [WebServer - Server] [DEBUG] Handled HTTP request of type GET from endpoint /assets/index-Bnr8jAW6.js of req size -1 bytes & type null with return code 200 for host [0:0:0:0:0:0:0:1] in 166.89955 ms
[2025-02-15 10:54:46] [WebServer - DataSocketHandler] [INFO] New websocket connection from /0:0:0:0:0:0:0:1:39514
[2025-02-15 10:54:46] [General - ShellExec] [DEBUG] Executing "nmcli -t -f GENERAL.CONNECTION,GENERAL.DEVICE,GENERAL.TYPE device show"
[2025-02-15 10:54:46] [General - ShellExec] [DEBUG] Got exit code 0
[2025-02-15 10:54:46] [General - NetworkUtils] [DEBUG] Found network interfaces: [NMDeviceInfo [connName=Jeffco-Community, devName=wlp2s0, nmType=NMTYPE_WIFI], NMDeviceInfo [connName=, devName=p2p-dev-wlp2s0, nmType=NMTYPE_UNKNOWN], NMDeviceInfo [connName=, devName=enp0s31f6, nmType=NMTYPE_ETHERNET]]
[2025-02-15 10:54:46] [WebServer - Server] [DEBUG] Handled HTTP request of type GET from endpoint /assets/logoLarge-Blny0AlQ.svg of req size -1 bytes & type null with return code 200 for host [0:0:0:0:0:0:0:1] in 1.129592 ms
[2025-02-15 10:54:46] [WebServer - Server] [DEBUG] Handled HTTP request of type GET from endpoint /assets/loading-transparent-M6bk-DXt.svg of req size -1 bytes & type null with return code 200 for host [0:0:0:0:0:0:0:1] in 3.228636 ms
[2025-02-15 10:54:47] [WebServer - Server] [DEBUG] Handled HTTP request of type GET from endpoint /assets/prompt-latin-400-normal-CyXKtQGK.woff2 of req size -1 bytes & type null with return code 200 for host [0:0:0:0:0:0:0:1] in 1.452123 ms
[2025-02-15 10:54:47] [WebServer - Server] [DEBUG] Handled HTTP request of type GET from endpoint /assets/materialdesignicons-webfont-Dp5v-WZN.woff2 of req size -1 bytes & type null with return code 200 for host [0:0:0:0:0:0:0:1] in 25.82201 ms
[2025-02-15 10:54:47] [WebServer - Server] [DEBUG] Handled HTTP request of type GET from endpoint /favicon.ico of req size -1 bytes & type null with return code 200 for host [0:0:0:0:0:0:0:1] in 1.026004 ms
[2025-02-15 10:55:07] [General - KernelLogLogger] [DEBUG] 2025-02-15T10:55:06.681352-07:00 photonvision kernel: usb 1-12: new high-speed USB device number 8 using xhci_hcd
[2025-02-15 10:55:07] [General - KernelLogLogger] [DEBUG] 2025-02-15T10:55:06.824281-07:00 photonvision kernel: usb 1-12: New USB device found, idVendor=0c45, idProduct=6366, bcdDevice= 1.00
[2025-02-15 10:55:07] [General - KernelLogLogger] [DEBUG] 2025-02-15T10:55:06.824307-07:00 photonvision kernel: usb 1-12: New USB device strings: Mfr=2, Product=1, SerialNumber=3
[2025-02-15 10:55:07] [General - KernelLogLogger] [DEBUG] 2025-02-15T10:55:06.824310-07:00 photonvision kernel: usb 1-12: Product: Arducam OV9281 USB Camera
[2025-02-15 10:55:07] [General - KernelLogLogger] [DEBUG] 2025-02-15T10:55:06.824313-07:00 photonvision kernel: usb 1-12: Manufacturer: Arducam Technology Co., Ltd.
[2025-02-15 10:55:07] [General - KernelLogLogger] [DEBUG] 2025-02-15T10:55:06.824315-07:00 photonvision kernel: usb 1-12: SerialNumber: UC762
[2025-02-15 10:55:07] [General - KernelLogLogger] [DEBUG] 2025-02-15T10:55:06.829254-07:00 photonvision kernel: usb 1-12: Found UVC 1.00 device Arducam OV9281 USB Camera (0c45:6366)
[2025-02-15 10:55:19] [WebServer - RequestHandler] [INFO] cameraInfo=%7B%22PVUsbCameraInfo%22%3A%7B%22dev%22%3A2%2C%22path%22%3A%22%2Fdev%2Fvideo2%22%2C%22name%22%3A%22Arducam+OV9281+USB+Camera%22%2C%22otherPaths%22%3A%5B%22%2Fdev%2Fv4l%2Fby-id%2Fusb-Arducam_Technology_Co.__Ltd._Arducam_OV9281_USB_Camera_UC762-video-index0%22%2C%22%2Fdev%2Fv4l%2Fby-path%2Fpci-0000%3A00%3A14.0-usbv2-0%3A12%3A1.0-video-index0%22%2C%22%2Fdev%2Fv4l%2Fby-path%2Fpci-0000%3A00%3A14.0-usb-0%3A12%3A1.0-video-index0%22%5D%2C%22vendorId%22%3A3141%2C%22productId%22%3A25446%2C%22uniquePath%22%3A%22%2Fdev%2Fv4l%2Fby-path%2Fpci-0000%3A00%3A14.0-usb-0%3A12%3A1.0-video-index0%22%7D%7D
[2025-02-15 10:55:19] [Camera - VisionSourceManager] [DEBUG] Creating VisionSource for CameraConfiguration [uniqueName=0d694f50-e03a-4e94-bc26-23e2105607cb, matchedCameraInfo=PVUsbCameraInfo[type=UsbCamera, dev=2, path='/dev/video2', name='Arducam OV9281 USB Camera', otherPaths=[/dev/v4l/by-id/usb-Arducam_Technology_Co.__Ltd._Arducam_OV9281_USB_Camera_UC762-video-index0, /dev/v4l/by-path/pci-0000:00:14.0-usbv2-0:12:1.0-video-index0, /dev/v4l/by-path/pci-0000:00:14.0-usb-0:12:1.0-video-index0], vid=3141, pid=25446, uniquePath='/dev/v4l/by-path/pci-0000:00:14.0-usb-0:12:1.0-video-index0'], nickname=Arducam_OV9281_USB_Camera, deactivated=false, cameraQuirks=null, FOV=70.0]
[2025-02-15 10:55:19] [CSCore - PvCSCoreLogger] [INFO] Arducam_OV9281_USB_Camera: Attempting to connect to USB camera on /dev/v4l/by-path/pci-0000:00:14.0-usb-0:12:1.0-video-index0
[2025-02-15 10:55:19] [CSCore - PvCSCoreLogger] [DEBUG] CS: DEBUG 7: Arducam_OV9281_USB_Camera: opening device (UsbCameraImpl.cpp:651)
[2025-02-15 10:55:19] [CSCore - PvCSCoreLogger] [INFO] Arducam_OV9281_USB_Camera: Connected to USB camera on /dev/v4l/by-path/pci-0000:00:14.0-usb-0:12:1.0-video-index0
[2025-02-15 10:55:19] [CSCore - PvCSCoreLogger] [DEBUG] CS: DEBUG 7: Arducam_OV9281_USB_Camera: getting capabilities (UsbCameraImpl.cpp:663)
[2025-02-15 10:55:19] [CSCore - PvCSCoreLogger] [DEBUG] CS: DEBUG 7: Arducam_OV9281_USB_Camera: caching properties (UsbCameraImpl.cpp:675)
[2025-02-15 10:55:19] [Camera - USBCameraSource - Arducam_OV9281_USB_Camera] [INFO] Quirky camera detected: QuirkyCamera [baseName=Arducam OV9281 USB Camera, displayName=, usbVid=3141, usbPid=25446, quirks={AdjustableFocus=false, ArduOV9281Controls=false, Gain=true, AwbRedBlueGain=false, ArduOV9782=false, ArduCamCamera=true, See3Cam_24CUG=false, StickyFPS=true, CompletelyBroken=false, LifeCamControls=false, ArduOV9782Controls=false, FPSCap100=false, ArduOV2311Controls=false, PsEyeControls=false, InnoOV9281Controls=false}]
[2025-02-15 10:55:19] [Camera - USBCameraSource - Arducam_OV9281_USB_Camera] [DEBUG] Using Generic USB Cam Settables
[2025-02-15 10:55:19] [Camera - USBCameraSource - Arducam_OV9281_USB_Camera] [INFO] Created settables org.photonvision.vision.camera.USBCameras.GenericUSBCameraSettables@61cff0f4
[2025-02-15 10:55:19] [CSCore - PvCSCoreLogger] [INFO] Arducam_OV9281_USB_Camera: set format 1 res 320x240
[2025-02-15 10:55:19] [CSCore - PvCSCoreLogger] [DEBUG] CS: DEBUG 7: Arducam_OV9281_USB_Camera: allocating buffers (UsbCameraImpl.cpp:701)
[2025-02-15 10:55:19] [CSCore - PvCSCoreLogger] [DEBUG] CS: DEBUG 7: Arducam_OV9281_USB_Camera: mapping buffers (UsbCameraImpl.cpp:715)
[2025-02-15 10:55:19] [CSCore - PvCSCoreLogger] [DEBUG] CS: DEBUG 7: Arducam_OV9281_USB_Camera: queuing buffers (UsbCameraImpl.cpp:765)
[2025-02-15 10:55:19] [VisionModule - PipelineManager] [DEBUG] Creating AprilTag pipeline
[2025-02-15 10:55:19] [General - ShellExec] [DEBUG] Executing "nmcli -t -f GENERAL.CONNECTION,GENERAL.DEVICE,GENERAL.TYPE device show"
[2025-02-15 10:55:19] [General - ShellExec] [DEBUG] Got exit code 0
[2025-02-15 10:55:19] [General - NetworkUtils] [DEBUG] Found network interfaces: [NMDeviceInfo [connName=Jeffco-Community, devName=wlp2s0, nmType=NMTYPE_WIFI], NMDeviceInfo [connName=, devName=p2p-dev-wlp2s0, nmType=NMTYPE_UNKNOWN], NMDeviceInfo [connName=, devName=enp0s31f6, nmType=NMTYPE_ETHERNET]]
[2025-02-15 10:55:20] [WebServer - DataChangeService] [DEBUG] Added subscriber - Sources: DCS_WEBSOCKET, DCS_HTTP, DCS_NETWORKTABLES, DCS_VISIONMODULE, DCS_OTHER, Destinations: DCD_ACTIVEMODULE, DCD_ACTIVEPIPELINESETTINGS, DCD_GENSETTINGS, DCD_UI, DCD_WEBSERVER, DCD_OTHER
[2025-02-15 10:55:20] [CSCore - PvCSCoreLogger] [DEBUG] CS: DEBUG 10: serve_photonvision_Port_1181_Input_MJPEG_Server: waiting for clients to connect (MjpegServerImpl.cpp:946)
[2025-02-15 10:55:20] [CSCore - PvCSCoreLogger] [DEBUG] CS: DEBUG 10: serve_photonvision_Port_1182_Output_MJPEG_Server: waiting for clients to connect (MjpegServerImpl.cpp:946)
[2025-02-15 10:55:20] [VisionModule - VisionModule - Arducam_OV9281_USB_Camera] [INFO] Setting pipeline to 0
[2025-02-15 10:55:20] [VisionModule - VisionModule - Arducam_OV9281_USB_Camera] [INFO] Pipeline name: New Pipeline
[2025-02-15 10:55:20] [Camera - USBFrameProvider - Arducam_OV9281_USB_Camera] [INFO] Camera connected! running callback
[2025-02-15 10:55:20] [Camera - USBCameraSource - Arducam_OV9281_USB_Camera] [DEBUG] Cam Properties Dump:
Name: connect_verbose, Kind: kInteger, Value: 2, Min: 0, Max: 1, Dflt: 1, Step: 1
Name: , Kind: kNone, Value: 0, Min: 0, Max: 0, Dflt: 0, Step: 0
Name: raw_brightness, Kind: kInteger, Value: 2, Min: -64, Max: 64, Dflt: 0, Step: 1
Name: brightness, Kind: kInteger, Value: 2, Min: 0, Max: 100, Dflt: 50, Step: 1
Name: raw_contrast, Kind: kInteger, Value: 2, Min: 0, Max: 64, Dflt: 32, Step: 1
Name: contrast, Kind: kInteger, Value: 2, Min: 0, Max: 100, Dflt: 50, Step: 1
Name: raw_saturation, Kind: kInteger, Value: 2, Min: 0, Max: 128, Dflt: 64, Step: 1
Name: saturation, Kind: kInteger, Value: 2, Min: 0, Max: 100, Dflt: 50, Step: 1
Name: raw_hue, Kind: kInteger, Value: 2, Min: -40, Max: 40, Dflt: 0, Step: 1
Name: hue, Kind: kInteger, Value: 2, Min: 0, Max: 100, Dflt: 50, Step: 1
Name: white_balance_automatic, Kind: kBoolean, Value: 1, Min: 0, Max: 1, Dflt: 1, Step: 1
Name: gamma, Kind: kInteger, Value: 2, Min: 72, Max: 500, Dflt: 100, Step: 1
Name: raw_gain, Kind: kInteger, Value: 2, Min: 0, Max: 100, Dflt: 0, Step: 1
Name: gain, Kind: kInteger, Value: 2, Min: 0, Max: 100, Dflt: 0, Step: 1
Name: power_line_frequency, Kind: kEnum, Value: 8, Min: 0, Max: 2, Dflt: 2, Step: 1
Name: white_balance_temperature, Kind: kInteger, Value: 2, Min: 2800, Max: 6500, Dflt: 4600, Step: 1
Name: raw_sharpness, Kind: kInteger, Value: 2, Min: 0, Max: 6, Dflt: 3, Step: 1
Name: sharpness, Kind: kInteger, Value: 2, Min: 0, Max: 100, Dflt: 50, Step: 1
Name: backlight_compensation, Kind: kInteger, Value: 2, Min: 0, Max: 2, Dflt: 1, Step: 1
Name: auto_exposure, Kind: kEnum, Value: 8, Min: 0, Max: 3, Dflt: 3, Step: 1
Name: raw_exposure_time_absolute, Kind: kInteger, Value: 2, Min: 1, Max: 5000, Dflt: 157, Step: 1
Name: exposure_time_absolute, Kind: kInteger, Value: 2, Min: 0, Max: 100, Dflt: 3, Step: 1
Name: exposure_dynamic_framerate, Kind: kBoolean, Value: 1, Min: 0, Max: 1, Dflt: 0, Step: 1

[2025-02-15 10:55:20] [VisionModule - VisionSourceSettables - Arducam_OV9281_USB_Camera] [INFO] Caching cscore properties
[2025-02-15 10:55:20] [VisionModule - VisionModule - Arducam_OV9281_USB_Camera] [ERROR] no video modes, guhhhhh
[2025-02-15 10:55:20] [VisionModule - VisionSourceSettables - Arducam_OV9281_USB_Camera] [DEBUG] No property image_stabilization for Arducam_OV9281_USB_Camera , skipping.
[2025-02-15 10:55:20] [WebServer - Server] [DEBUG] Handled HTTP request of type POST from endpoint /api/utils/assignUnmatchedCamera of req size 0 bytes & type null with return code 200 for host [0:0:0:0:0:0:0:1] in 302.69162 ms
[2025-02-15 10:55:20] [CSCore - PvCSCoreLogger] [DEBUG] CS: DEBUG 10: serve_photonvision_Port_1182_Output_MJPEG_Server: client connection from 127.0.0.1 (MjpegServerImpl.cpp:957)
[2025-02-15 10:55:20] [CSCore - PvCSCoreLogger] [DEBUG] CS: DEBUG 10: serve_photonvision_Port_1182_Output_MJPEG_Server: HTTP request: 'GET /stream.mjpg HTTP/1.1
'
 (MjpegServerImpl.cpp:811)
[2025-02-15 10:55:20] [CSCore - PvCSCoreLogger] [DEBUG] CS: DEBUG 10: serve_photonvision_Port_1182_Output_MJPEG_Server: command parameters: "" (MjpegServerImpl.cpp:854)
[2025-02-15 10:55:20] [CSCore - PvCSCoreLogger] [DEBUG] CS: DEBUG 10: serve_photonvision_Port_1182_Output_MJPEG_Server: request for stream photonvision_Port_1182_Output_MJPEG_Server (MjpegServerImpl.cpp:872)
[2025-02-15 10:55:20] [CSCore - PvCSCoreLogger] [DEBUG] CS: DEBUG 10: serve_photonvision_Port_1182_Output_MJPEG_Server: Headers send, sending stream now (MjpegServerImpl.cpp:681)
[2025-02-15 10:55:20] [VisionModule - VisionSourceSettables - Arducam_OV9281_USB_Camera] [DEBUG] No property scene_mode for Arducam_OV9281_USB_Camera , skipping.
[2025-02-15 10:55:20] [VisionModule - VisionSourceSettables - Arducam_OV9281_USB_Camera] [DEBUG] No property exposure_metering_mode for Arducam_OV9281_USB_Camera , skipping.
[2025-02-15 10:55:20] [VisionModule - VisionSourceSettables - Arducam_OV9281_USB_Camera] [DEBUG] No property focus_auto for Arducam_OV9281_USB_Camera , skipping.
[2025-02-15 10:55:20] [VisionModule - VisionSourceSettables - Arducam_OV9281_USB_Camera] [DEBUG] No property focus_absolute for Arducam_OV9281_USB_Camera , skipping.
[2025-02-15 10:55:20] [VisionModule - VisionSourceSettables - Arducam_OV9281_USB_Camera] [INFO] Setting video mode to FPS: 100 Width: 320 Height: 240 Pixel Format: kMJPEG
[2025-02-15 10:55:20] [CSCore - PvCSCoreLogger] [INFO] Arducam_OV9281_USB_Camera: set FPS to 100
[2025-02-15 10:55:20] [CSCore - PvCSCoreLogger] [DEBUG] CS: DEBUG 7: Arducam_OV9281_USB_Camera: queuing buffers (UsbCameraImpl.cpp:765)
[2025-02-15 10:55:21] [VisionModule - VisionSourceSettables - Arducam_OV9281_USB_Camera] [DEBUG] Failed to set video mode!
[2025-02-15 10:55:21] [VisionModule - VisionSourceSettables - Arducam_OV9281_USB_Camera] [DEBUG] Setting property raw_exposure_time_absolute to 20 (user requested 20.0 μs)
[2025-02-15 10:55:21] [VisionModule - VisionSourceSettables - Arducam_OV9281_USB_Camera] [DEBUG] Setting auto exposure to false
[2025-02-15 10:55:21] [VisionModule - VisionSourceSettables - Arducam_OV9281_USB_Camera] [DEBUG] No property auto_exposure_bias for Arducam_OV9281_USB_Camera , skipping.
[2025-02-15 10:55:21] [VisionModule - VisionSourceSettables - Arducam_OV9281_USB_Camera] [DEBUG] No property iso_sensitivity_auto for Arducam_OV9281_USB_Camera , skipping.
[2025-02-15 10:55:21] [VisionModule - VisionSourceSettables - Arducam_OV9281_USB_Camera] [DEBUG] No property iso_sensitivity for Arducam_OV9281_USB_Camera , skipping.
[2025-02-15 10:55:21] [Config - ConfigManager] [DEBUG] Saving to disk...
[2025-02-15 10:55:21] [Config - SqlConfigProvider] [DEBUG] Saving to disk
[2025-02-15 10:55:21] [VisionModule - VisionSourceSettables - Arducam_OV9281_USB_Camera] [DEBUG] Setting property raw_exposure_time_absolute to 20 (user requested 20.0 μs)
[2025-02-15 10:55:21] [VisionModule - VisionSourceSettables - Arducam_OV9281_USB_Camera] [DEBUG] No property gain_automatic for Arducam_OV9281_USB_Camera , skipping.
[2025-02-15 10:55:21] [VisionModule - VisionSourceSettables - Arducam_OV9281_USB_Camera] [DEBUG] Setting property white_balance_temperature to 4000 (user requested 4000 degrees)
[2025-02-15 10:55:21] [Config - SqlConfigProvider] [INFO] Settings saved!
[2025-02-15 10:55:21] [VisionModule - VisionSourceSettables - Arducam_OV9281_USB_Camera] [DEBUG] Setting auto white balance to false
[2025-02-15 10:55:21] [CSCore - PvCSCoreLogger] [DEBUG] CS: DEBUG 10: serve_photonvision_Port_1182_Output_MJPEG_Server: leaving HTTP client thread (MjpegServerImpl.cpp:919)
[2025-02-15 10:55:21] [CSCore - PvCSCoreLogger] [DEBUG] CS: DEBUG 10: serve_photonvision_Port_1182_Output_MJPEG_Server: client connection from 127.0.0.1 (MjpegServerImpl.cpp:957)
[2025-02-15 10:55:21] [CSCore - PvCSCoreLogger] [DEBUG] CS: DEBUG 10: serve_photonvision_Port_1182_Output_MJPEG_Server: HTTP request: 'GET /stream.mjpg HTTP/1.1
'
 (MjpegServerImpl.cpp:811)
[2025-02-15 10:55:21] [CSCore - PvCSCoreLogger] [DEBUG] CS: DEBUG 10: serve_photonvision_Port_1182_Output_MJPEG_Server: command parameters: "" (MjpegServerImpl.cpp:854)
[2025-02-15 10:55:21] [CSCore - PvCSCoreLogger] [DEBUG] CS: DEBUG 10: serve_photonvision_Port_1182_Output_MJPEG_Server: request for stream photonvision_Port_1182_Output_MJPEG_Server (MjpegServerImpl.cpp:872)
[2025-02-15 10:55:21] [CSCore - PvCSCoreLogger] [DEBUG] CS: DEBUG 10: serve_photonvision_Port_1182_Output_MJPEG_Server: Headers send, sending stream now (MjpegServerImpl.cpp:681)
[2025-02-15 10:55:23] [CSCore - PvCSCoreLogger] [DEBUG] CS: DEBUG 10: serve_photonvision_Port_1182_Output_MJPEG_Server: client connection from 127.0.0.1 (MjpegServerImpl.cpp:957)
[2025-02-15 10:55:23] [CSCore - PvCSCoreLogger] [DEBUG] CS: DEBUG 10: serve_photonvision_Port_1182_Output_MJPEG_Server: HTTP request: 'GET /stream.mjpg HTTP/1.1
'
 (MjpegServerImpl.cpp:811)
[2025-02-15 10:55:23] [CSCore - PvCSCoreLogger] [DEBUG] CS: DEBUG 10: serve_photonvision_Port_1182_Output_MJPEG_Server: command parameters: "" (MjpegServerImpl.cpp:854)
[2025-02-15 10:55:23] [CSCore - PvCSCoreLogger] [DEBUG] CS: DEBUG 10: serve_photonvision_Port_1182_Output_MJPEG_Server: request for stream photonvision_Port_1182_Output_MJPEG_Server (MjpegServerImpl.cpp:872)
[2025-02-15 10:55:23] [CSCore - PvCSCoreLogger] [DEBUG] CS: DEBUG 10: serve_photonvision_Port_1182_Output_MJPEG_Server: Headers send, sending stream now (MjpegServerImpl.cpp:681)
[2025-02-15 10:55:23] [CSCore - PvCSCoreLogger] [DEBUG] CS: DEBUG 10: serve_photonvision_Port_1182_Output_MJPEG_Server: leaving HTTP client thread (MjpegServerImpl.cpp:919)
[2025-02-15 10:55:33] [VisionModule - VisionSourceSettables - Arducam_OV9281_USB_Camera] [DEBUG] Setting auto exposure to true
[2025-02-15 10:55:33] [VisionModule - VisionSourceSettables - Arducam_OV9281_USB_Camera] [DEBUG] No property auto_exposure_bias for Arducam_OV9281_USB_Camera , skipping.
[2025-02-15 10:55:33] [VisionModule - VisionSourceSettables - Arducam_OV9281_USB_Camera] [DEBUG] No property iso_sensitivity_auto for Arducam_OV9281_USB_Camera , skipping.
[2025-02-15 10:55:33] [VisionModule - VisionSourceSettables - Arducam_OV9281_USB_Camera] [DEBUG] No property iso_sensitivity for Arducam_OV9281_USB_Camera , skipping.
[2025-02-15 10:55:34] [VisionModule - VisionSourceSettables - Arducam_OV9281_USB_Camera] [DEBUG] Setting auto exposure to false
[2025-02-15 10:55:34] [VisionModule - VisionSourceSettables - Arducam_OV9281_USB_Camera] [DEBUG] No property auto_exposure_bias for Arducam_OV9281_USB_Camera , skipping.
[2025-02-15 10:55:34] [VisionModule - VisionSourceSettables - Arducam_OV9281_USB_Camera] [DEBUG] No property iso_sensitivity_auto for Arducam_OV9281_USB_Camera , skipping.
[2025-02-15 10:55:34] [VisionModule - VisionSourceSettables - Arducam_OV9281_USB_Camera] [DEBUG] No property iso_sensitivity for Arducam_OV9281_USB_Camera , skipping.
[2025-02-15 10:55:34] [VisionModule - VisionSourceSettables - Arducam_OV9281_USB_Camera] [DEBUG] Setting property raw_exposure_time_absolute to 20 (user requested 20.0 μs)
[2025-02-15 10:55:36] [Config - ConfigManager] [DEBUG] Saving to disk...
[2025-02-15 10:55:36] [Config - SqlConfigProvider] [DEBUG] Saving to disk
[2025-02-15 10:55:36] [Config - SqlConfigProvider] [INFO] Settings saved!
[2025-02-15 10:56:04] [General - HardwareManager] [INFO] Shutting down LEDs...
[2025-02-15 10:56:04] [Config - ConfigManager] [INFO] Force-flushing settings...
[2025-02-15 10:56:04] [Config - SqlConfigProvider] [DEBUG] Saving to disk
[2025-02-15 10:56:04] [Config - SqlConfigProvider] [INFO] Settings saved!
