[2025-02-15 11:11:04] [General - Main] [INFO] Native libraries loaded.
[2025-02-15 11:11:04] [General - Main] [ERROR] Platform does not support RKNN based machine learning!
[2025-02-15 11:11:04] [General - Main] [WARN] Failed to load mrcal-JNI! Camera calibration will fall back to opencv
/tmp/libmrcal_jni.so (Permission denied)
[2025-02-15 11:11:04] [General - Main] [INFO] Logging initialized in debug mode.
[2025-02-15 11:11:04] [General - Main] [INFO] Starting PhotonVision version v2024.3.1 on Linux x64
[2025-02-15 11:11:04] [General - Main] [DEBUG] Loading ConfigManager...
[2025-02-15 11:11:04] [Config - SqlConfigProvider] [DEBUG] Using database /home/swerve/Documents/Github/Note-Detection/photonvision_config/photon.sqlite
[2025-02-15 11:11:04] [Config - SqlConfigProvider] [INFO] Using correct database version: 2
[2025-02-15 11:11:04] [Config - SqlConfigProvider] [DEBUG] Loading config...
[2025-02-15 11:11:05] [Config - SqlConfigProvider] [ERROR] Could not deserialize apriltag layout! Loading defaults
[2025-02-15 11:11:05] [Config - SqlConfigProvider] [ERROR] Err loading cameras: : Cannot deserialize Map key of type `org.photonvision.vision.camera.CameraQuirk` from String "ArduOV9782Controls": not a valid representation, problem: (com.fasterxml.jackson.databind.exc.InvalidFormatException) Cannot deserialize Map key of type `org.photonvision.vision.camera.CameraQuirk` from String "ArduOV9782Controls": not one of the values accepted for Enum class: [FPSCap100, StickyFPS, AWBGain, ArduCamCamera, AdjustableFocus, ArduOV9281, ArduOV2311, CompletelyBroken, Gain, PiCam]
 at [Source: (String)"{
  "uniqueName" : "0d694f50-e03a-4e94-bc26-23e2105607cb",
  "matchedCameraInfo" : {
    "PVUsbCameraInfo" : {
      "dev" : 2,
      "path" : "/dev/video2",
      "name" : "Arducam OV9281 USB Camera",
      "otherPaths" : [ "/dev/v4l/by-id/usb-Arducam_Technology_Co.__Ltd._Arducam_OV9281_USB_Camera_UC762-video-index0", "/dev/v4l/by-path/pci-0000:00:14.0-usbv2-0:12:1.0-video-index0", "/dev/v4l/by-path/pci-0000:00:14.0-usb-0:12:1.0-video-index0" ],
      "vendorId" : 3141,
      "productId" : 2544"[truncated 877 chars]; line: 22, column: 7] (through reference chain: org.photonvision.common.configuration.CameraConfiguration["cameraQuirks"]->org.photonvision.vision.camera.QuirkyCamera["quirks"])
[2025-02-15 11:11:05] [Config - SqlConfigProvider] [ERROR] com.fasterxml.jackson.databind.exc.InvalidFormatException: Cannot deserialize Map key of type `org.photonvision.vision.camera.CameraQuirk` from String "ArduOV9782Controls": not a valid representation, problem: (com.fasterxml.jackson.databind.exc.InvalidFormatException) Cannot deserialize Map key of type `org.photonvision.vision.camera.CameraQuirk` from String "ArduOV9782Controls": not one of the values accepted for Enum class: [FPSCap100, StickyFPS, AWBGain, ArduCamCamera, AdjustableFocus, ArduOV9281, ArduOV2311, CompletelyBroken, Gain, PiCam]
 at [Source: (String)"{
  "uniqueName" : "0d694f50-e03a-4e94-bc26-23e2105607cb",
  "matchedCameraInfo" : {
    "PVUsbCameraInfo" : {
      "dev" : 2,
      "path" : "/dev/video2",
      "name" : "Arducam OV9281 USB Camera",
      "otherPaths" : [ "/dev/v4l/by-id/usb-Arducam_Technology_Co.__Ltd._Arducam_OV9281_USB_Camera_UC762-video-index0", "/dev/v4l/by-path/pci-0000:00:14.0-usbv2-0:12:1.0-video-index0", "/dev/v4l/by-path/pci-0000:00:14.0-usb-0:12:1.0-video-index0" ],
      "vendorId" : 3141,
      "productId" : 2544"[truncated 877 chars]; line: 22, column: 7] (through reference chain: org.photonvision.common.configuration.CameraConfiguration["cameraQuirks"]->org.photonvision.vision.camera.QuirkyCamera["quirks"])
	at com.fasterxml.jackson.databind.exc.InvalidFormatException.from(InvalidFormatException.java:67)
	at com.fasterxml.jackson.databind.DeserializationContext.weirdKeyException(DeserializationContext.java:1979)
	at com.fasterxml.jackson.databind.DeserializationContext.handleWeirdKey(DeserializationContext.java:1184)
	at com.fasterxml.jackson.databind.deser.std.StdKeyDeserializer.deserializeKey(StdKeyDeserializer.java:139)
	at com.fasterxml.jackson.databind.deser.std.MapDeserializer._readAndBind(MapDeserializer.java:541)
	at com.fasterxml.jackson.databind.deser.std.MapDeserializer.deserialize(MapDeserializer.java:451)
	at com.fasterxml.jackson.databind.deser.std.MapDeserializer.deserialize(MapDeserializer.java:32)
	at com.fasterxml.jackson.databind.deser.SettableBeanProperty.deserialize(SettableBeanProperty.java:545)
	at com.fasterxml.jackson.databind.deser.BeanDeserializer._deserializeWithErrorWrapping(BeanDeserializer.java:570)
	at com.fasterxml.jackson.databind.deser.BeanDeserializer._deserializeUsingPropertyBased(BeanDeserializer.java:439)
	at com.fasterxml.jackson.databind.deser.BeanDeserializerBase.deserializeFromObjectUsingNonDefault(BeanDeserializerBase.java:1409)
	at com.fasterxml.jackson.databind.deser.BeanDeserializer.deserializeFromObject(BeanDeserializer.java:352)
	at com.fasterxml.jackson.databind.deser.BeanDeserializer.deserialize(BeanDeserializer.java:185)
	at com.fasterxml.jackson.databind.deser.SettableBeanProperty.deserialize(SettableBeanProperty.java:545)
	at com.fasterxml.jackson.databind.deser.BeanDeserializer._deserializeWithErrorWrapping(BeanDeserializer.java:570)
	at com.fasterxml.jackson.databind.deser.BeanDeserializer._deserializeUsingPropertyBased(BeanDeserializer.java:439)
	at com.fasterxml.jackson.databind.deser.BeanDeserializerBase.deserializeFromObjectUsingNonDefault(BeanDeserializerBase.java:1409)
	at com.fasterxml.jackson.databind.deser.BeanDeserializer.deserializeFromObject(BeanDeserializer.java:352)
	at com.fasterxml.jackson.databind.deser.BeanDeserializer.deserialize(BeanDeserializer.java:185)
	at com.fasterxml.jackson.databind.deser.DefaultDeserializationContext.readRootValue(DefaultDeserializationContext.java:323)
	at com.fasterxml.jackson.databind.ObjectMapper._readMapAndClose(ObjectMapper.java:4825)
	at com.fasterxml.jackson.databind.ObjectMapper.readValue(ObjectMapper.java:3772)
	at com.fasterxml.jackson.databind.ObjectMapper.readValue(ObjectMapper.java:3740)
	at org.photonvision.common.util.file.JacksonUtils.deserialize(JacksonUtils.java:88)
	at org.photonvision.common.configuration.SqlConfigProvider.loadCameraConfigs(SqlConfigProvider.java:576)
	at org.photonvision.common.configuration.SqlConfigProvider.load(SqlConfigProvider.java:309)
	at org.photonvision.common.configuration.ConfigManager.load(ConfigManager.java:188)
	at org.photonvision.Main.main(Main.java:416)

[2025-02-15 11:11:05] [General - Main] [DEBUG] Loading HardwareManager...
[2025-02-15 11:11:05] [General - NetworkTablesManager] [INFO] Starting NT Client, server team is 0
[2025-02-15 11:11:05] [General - Main] [DEBUG] Loading NetworkManager...
[2025-02-15 11:11:05] [General - NetworkTablesManager] [ERROR] [NetworkTablesManager] Could not connect to the robot! Will retry in the background...
[2025-02-15 11:11:05] [General - NetworkManager] [INFO] Setting DHCP with team 0
[2025-02-15 11:11:05] [General - ShellExec] [DEBUG] Executing "cat /etc/hostname | tr -d " \t\n\r""
[2025-02-15 11:11:05] [General - ShellExec] [DEBUG] Got exit code 0
[2025-02-15 11:11:05] [General - ShellExec] [DEBUG] Executing "echo photonvision > /etc/hostname"
[2025-02-15 11:11:05] [General - ShellExec] [DEBUG] Got exit code 0
[2025-02-15 11:11:05] [General - ShellExec] [DEBUG] Executing "hostnamectl set-hostname photonvision"
[2025-02-15 11:11:05] [General - ShellExec] [DEBUG] Got exit code 0
[2025-02-15 11:11:05] [General - ShellExec] [DEBUG] Executing "sed -i "s/127.0.1.1.*photonvision/127.0.1.1\tphotonvision/g" /etc/hosts"
[2025-02-15 11:11:05] [General - ShellExec] [DEBUG] Got exit code 0
[2025-02-15 11:11:05] [General - ShellExec] [DEBUG] Executing "sudo service avahi-daemon restart"
[2025-02-15 11:11:05] [General - ShellExec] [DEBUG] Got exit code 0
[2025-02-15 11:11:05] [General - NetworkManager] [INFO] Set hostname to photonvision
[2025-02-15 11:11:05] [General - ShellExec] [DEBUG] Executing "nmcli con mod "" ipv4.method "auto" ipv6.method "disabled""
[2025-02-15 11:11:05] [General - ShellExec] [DEBUG] Got exit code 10
[2025-02-15 11:11:05] [General - ShellExec] [DEBUG] Executing "nmcli -t -f GENERAL.CONNECTION,GENERAL.DEVICE,GENERAL.TYPE device show"
[2025-02-15 11:11:05] [General - ShellExec] [DEBUG] Got exit code 0
[2025-02-15 11:11:05] [General - NetworkUtils] [DEBUG] Found network interfaces:
[NMDeviceInfo [connName=Jeffco-Community, devName=wlp2s0, nmType=NMTYPE_WIFI], NMDeviceInfo [connName=lo, devName=lo, nmType=NMTYPE_UNKNOWN], NMDeviceInfo [connName=, devName=p2p-dev-wlp2s0, nmType=NMTYPE_UNKNOWN], NMDeviceInfo [connName=, devName=enp0s31f6, nmType=NMTYPE_ETHERNET]]
[2025-02-15 11:11:05] [General - NetworkManager] [ERROR] Exception while setting DHCP!
[2025-02-15 11:11:05] [General - Main] [DEBUG] Loading NetworkTablesManager...
[2025-02-15 11:11:05] [General - Main] [INFO] Loading ML models
[2025-02-15 11:11:05] [Config - NeuralNetworkModelManager] [INFO] File /home/swerve/Documents/Github/Note-Detection/photonvision_config/models/note-640-640-yolov5s.rknn already exists. Skipping extraction.
[2025-02-15 11:11:05] [Config - NeuralNetworkModelManager] [INFO] File /home/swerve/Documents/Github/Note-Detection/photonvision_config/models/labels_v5.txt already exists. Skipping extraction.
[2025-02-15 11:11:05] [General - Main] [DEBUG] Loading VisionSourceManager...
[2025-02-15 11:11:05] [General - Main] [INFO] Starting server...
[2025-02-15 11:11:05] [WebServer - DataChangeService] [DEBUG] Added subscriber - Sources: DCS_WEBSOCKET, DCS_HTTP, DCS_NETWORKTABLES, DCS_VISIONMODULE, DCS_OTHER, Destinations: DCD_WEBSERVER
[2025-02-15 11:11:05] [Camera - VisionSourceManager] [DEBUG] Matching 1 new cameras!
[2025-02-15 11:11:05] [Camera - VisionSourceManager] [INFO] Detected unmatched physical camera: CameraInfo [cameraType=UsbCamera, baseName=Arducam OV9281 USB Camera, vid=3141, pid=25446, path=/dev/video2, otherPaths=[/dev/v4l/by-id/usb-Arducam_Technology_Co.__Ltd._Arducam_OV9281_USB_Camera_UC762-video-index0, /dev/v4l/by-path/pci-0000:00:14.0-usbv2-0:12:1.0-video-index0, /dev/v4l/by-path/pci-0000:00:14.0-usb-0:12:1.0-video-index0]]
[2025-02-15 11:11:05] [Camera - VisionSourceManager] [INFO] Matching CSI cameras by port & base name...
[2025-02-15 11:11:05] [Camera - VisionSourceManager] [INFO] Matching USB cameras by usb port & name & USB VID/PID...
[2025-02-15 11:11:05] [Camera - VisionSourceManager] [INFO] Matching USB cameras by usb port & USB VID/PID...
[2025-02-15 11:11:05] [Camera - VisionSourceManager] [INFO] Matching USB cameras by base-name & usb port...
[2025-02-15 11:11:05] [Camera - VisionSourceManager] [INFO] Matching USB cameras by base-name & USB VID/PID only...
[2025-02-15 11:11:05] [Camera - VisionSourceManager] [INFO] Matching USB cameras by base-name only...
[2025-02-15 11:11:05] [Camera - VisionSourceManager] [DEBUG] After matching loaded configs, these configs remained unmatched: {CameraInfo [cameraType=UsbCamera, baseName=Arducam OV9281 USB Camera, vid=3141, pid=25446, path=/dev/video2, otherPaths=[/dev/v4l/by-id/usb-Arducam_Technology_Co.__Ltd._Arducam_OV9281_USB_Camera_UC762-video-index0, /dev/v4l/by-path/pci-0000:00:14.0-usbv2-0:12:1.0-video-index0, /dev/v4l/by-path/pci-0000:00:14.0-usb-0:12:1.0-video-index0]]}
[2025-02-15 11:11:05] [Camera - VisionSourceManager] [INFO] Creating a new camera config for camera Arducam_OV9281_USB_Camera
[2025-02-15 11:11:05] [Camera - CameraConfiguration] [DEBUG] Creating USB camera configuration for UsbCamera Arducam OV9281 USB Camera (AKA Arducam_OV9281_USB_Camera) at /dev/video2
[2025-02-15 11:11:05] [Camera - VisionSourceManager] [DEBUG] Matched or created 1 camera configs!
[2025-02-15 11:11:05] [Camera - VisionSourceManager] [DEBUG] Creating VisionSource for [baseName=Arducam OV9281 USB Camera, uniqueName=Arducam_OV9281_USB_Camera, otherPaths=[/dev/v4l/by-id/usb-Arducam_Technology_Co.__Ltd._Arducam_OV9281_USB_Camera_UC762-video-index0, /dev/v4l/by-path/pci-0000:00:14.0-usbv2-0:12:1.0-video-index0, /dev/v4l/by-path/pci-0000:00:14.0-usb-0:12:1.0-video-index0], vid=-1, pid=-1]
[2025-02-15 11:11:05] [CSCore - PvCSCoreLogger] [INFO] Arducam_OV9281_USB_Camera: Attempting to connect to USB camera on /dev/v4l/by-path/pci-0000:00:14.0-usbv2-0:12:1.0-video-index0
[2025-02-15 11:11:05] [CSCore - PvCSCoreLogger] [DEBUG] CS: DEBUG 7: Arducam_OV9281_USB_Camera: opening device (UsbCameraImpl.cpp:602)
[2025-02-15 11:11:05] [CSCore - PvCSCoreLogger] [INFO] Arducam_OV9281_USB_Camera: Connected to USB camera on /dev/v4l/by-path/pci-0000:00:14.0-usbv2-0:12:1.0-video-index0
[2025-02-15 11:11:05] [CSCore - PvCSCoreLogger] [DEBUG] CS: DEBUG 7: Arducam_OV9281_USB_Camera: getting capabilities (UsbCameraImpl.cpp:614)
[2025-02-15 11:11:05] [CSCore - PvCSCoreLogger] [DEBUG] CS: DEBUG 7: Arducam_OV9281_USB_Camera: caching properties (UsbCameraImpl.cpp:626)
[2025-02-15 11:11:05] [Camera - USBCameraSource - Arducam_OV9281_USB_Camera] [INFO] Quirky camera detected: Arducam OV9281 USB Camera
[2025-02-15 11:11:05] [CSCore - PvCSCoreLogger] [INFO] Arducam_OV9281_USB_Camera: set format 1 res 320x240
[2025-02-15 11:11:05] [CSCore - PvCSCoreLogger] [DEBUG] CS: DEBUG 7: Arducam_OV9281_USB_Camera: allocating buffers (UsbCameraImpl.cpp:652)
[2025-02-15 11:11:05] [CSCore - PvCSCoreLogger] [DEBUG] CS: DEBUG 7: Arducam_OV9281_USB_Camera: mapping buffers (UsbCameraImpl.cpp:666)
[2025-02-15 11:11:05] [CSCore - PvCSCoreLogger] [DEBUG] CS: DEBUG 7: Arducam_OV9281_USB_Camera: queuing buffers (UsbCameraImpl.cpp:716)
[2025-02-15 11:11:05] [Camera - VisionSourceManager] [DEBUG] Matched config for camera "USBFrameProvider - opencv_Arducam_OV9281_USB_Camera" and loaded 0 pipelines
[2025-02-15 11:11:05] [Camera - VisionSourceManager] [INFO] Adding 1 configs to VMM.
[2025-02-15 11:11:05] [VisionModule - PipelineManager] [DEBUG] Creating Reflective pipeline
[2025-02-15 11:11:05] [WebServer - DataChangeService] [DEBUG] Added subscriber - Sources: DCS_WEBSOCKET, DCS_HTTP, DCS_NETWORKTABLES, DCS_VISIONMODULE, DCS_OTHER, Destinations: DCD_ACTIVEMODULE, DCD_ACTIVEPIPELINESETTINGS, DCD_GENSETTINGS, DCD_UI, DCD_WEBSERVER, DCD_OTHER
[2025-02-15 11:11:05] [WebServer - DataChangeService] [DEBUG] Added subscriber - Sources: DCS_WEBSOCKET, DCS_HTTP, DCS_NETWORKTABLES, DCS_VISIONMODULE, DCS_OTHER, Destinations: DCD_UI
[2025-02-15 11:11:05] [WebServer - DataChangeService] [DEBUG] Added subscriber - Sources: DCS_WEBSOCKET, Destinations: DCD_GENSETTINGS
[2025-02-15 11:11:05] [CSCore - PvCSCoreLogger] [DEBUG] CS: DEBUG 10: serve_photonvision_Port_1181_Input_MJPEG_Server: waiting for clients to connect (MjpegServerImpl.cpp:944)
[2025-02-15 11:11:05] [CSCore - PvCSCoreLogger] [DEBUG] CS: DEBUG 10: serve_photonvision_Port_1182_Output_MJPEG_Server: waiting for clients to connect (MjpegServerImpl.cpp:944)
[2025-02-15 11:11:05] [VisionModule - VisionModule - Arducam_OV9281_USB_Camera] [INFO] Setting pipeline to 0
[2025-02-15 11:11:05] [VisionModule - VisionModule - Arducam_OV9281_USB_Camera] [INFO] Pipeline name: New Pipeline
[2025-02-15 11:11:05] [VisionModule - VisionSourceSettables] [INFO] Setting video mode to FPS: 100 Width: 320 Height: 240 Pixel Format: kMJPEG
[2025-02-15 11:11:06] [CSCore - PvCSCoreLogger] [INFO] Arducam_OV9281_USB_Camera: set FPS to 100
[2025-02-15 11:11:06] [CSCore - PvCSCoreLogger] [DEBUG] CS: DEBUG 7: Arducam_OV9281_USB_Camera: queuing buffers (UsbCameraImpl.cpp:716)
[2025-02-15 11:11:06] [VisionModule - VisionSourceSettables] [DEBUG] Setting camera exposure to 300.94
[2025-02-15 11:11:06] [VisionModule - VisionSourceSettables] [DEBUG] Setting auto exposure to false
[2025-02-15 11:11:06] [VisionModule - VisionSourceSettables] [DEBUG] Setting camera exposure to 300.94
[2025-02-15 11:11:07] [Config - ConfigManager] [DEBUG] Saving to disk...
[2025-02-15 11:11:08] [Config - SqlConfigProvider] [DEBUG] Saving to disk
[2025-02-15 11:11:08] [Config - SqlConfigProvider] [INFO] Settings saved!
[2025-02-15 11:11:11] [General - HardwareManager] [INFO] Shutting down LEDs...
[2025-02-15 11:11:11] [Config - ConfigManager] [INFO] Force-flushing settings...
[2025-02-15 11:11:11] [Config - SqlConfigProvider] [DEBUG] Saving to disk
[2025-02-15 11:11:11] [Config - SqlConfigProvider] [INFO] Settings saved!
